Police99oRodneyKingWiFi
Thu Jul 17 07:45:51 PDT 2025
 07:45:51 up 10:13,  load average: 17.45, 18.05, 14.52
      July 2025     
Su Mo Tu We Th Fr Sa
       1  2  3  4  5
 6  7  8  9 10 11 12
13 14 15 16 17 18 19
20 21 22 23 24 25 26
27 28 29 30 31      
                    
Thu Jul 17 07:45:51 PDT 2025
can we talkto @nasa?
Discovered in South PAsaDena 
traceroute to 205.155.237.66 (205.155.237.66), 30 hops max, 60 byte packets
 1  * * *
 2  * * *
 3  * * *
 4  * * *
 5  * * *
 6  * * *
 7  * * *
 8  * * *
 9  * * *
10  * * *
11  * * *
12  * * *
13  * * *
14  * * *
15  * * *
16  * * *
17  * * *
18  * * *
19  * * *
20  * * *
21  * * *
22  * * *
23  * * *
24  * * *
25  * * *
26  * * *
27  * * *
28  * * *
29  * * *
30  * * *
GithubSession
Seen in USLos Angeles
lo: flags=73<UP,LOOPBACK,RUNNING>  mtu 65536
        inet 127.0.0.1  netmask 255.0.0.0
        unspec 00-00-00-00-00-00-00-00-00-00-00-00-00-00-00-00  txqueuelen 1000  (UNSPEC)

wlan0: flags=4163<UP,BROADCAST,RUNNING,MULTICAST>  mtu 1500
        inet 172.25.74.27  netmask 255.255.192.0  broadcast 172.25.127.255
        unspec 00-00-00-00-00-00-00-00-00-00-00-00-00-00-00-00  txqueuelen 3000  (UNSPEC)

traceroute to lacity.gov (23.205.106.76), 30 hops max, 60 byte packets
 1  * * *
 2  * * *
 3  * * *
 4  * * *
 5  * * *
 6  * * *
 7  * * *
 8  * * *
 9  * * *
10  * * *
11  * * *
12  * * *
13  * * *
14  * * *
15  * * *
16  * * *
17  * * *
18  * * *
19  * * *
20  * * *
21  * * *
22  * * *
23  * * *
24  * * *
25  * * *
26  * * *
27  * * *
28  * * *
29  * * *
30  * * *
traceroute to lacity.org (23.212.251.19), 30 hops max, 60 byte packets
 1  * * *
 2  * * *
 3  * * *
 4  * * *
 5  * * *
 6  * * *
 7  * * *
 8  * * *
 9  * * *
10  * * *
11  * * *
12  * * *
13  * * *
14  * * *
15  * * *
16  * * *
17  * * *
18  * * *
19  * * *
20  * * *
21  * * *
22  * * *
23  * * *
24  * * *
25  * * *
26  * * *
27  * * *
28  * * *
29  * * *
30  * * *
 07:48:03 up 10:16,  load average: 15.41, 17.43, 14.80
<html>
<head><title>301 Moved Permanently</title></head>
<body>
<center><h1>301 Moved Permanently</h1></center>
<hr><center>nginx</center>
</body>
</html>
;; communications error to 8.8.8.8#53: timed out
;; communications error to 8.8.8.8#53: timed out
;; communications error to 8.8.8.8#53: timed out
;; communications error to 8.8.4.4#53: timed out

; <<>> DiG 9.20.10 <<>> -x hofoco.org
;; global options: +cmd
;; no servers could be reached
<!DOCTYPE html>
<html style="height:100%">
<head>
<meta name="viewport" content="width=device-width, initial-scale=1, shrink-to-fit=no" />
<title> 301 Moved Permanently
</title><style>@media (prefers-color-scheme:dark){body{background-color:#000!important}}</style></head>
<body style="color: #444; margin:0;font: normal 14px/20px Arial, Helvetica, sans-serif; height:100%; background-color: #fff;">
<div style="height:auto; min-height:100%; ">     <div style="text-align: center; width:800px; margin-left: -400px; position:absolute; top: 30%; left:50%;">
        <h1 style="margin:0; font-size:150px; line-height:150px; font-weight:bold;">301</h1>
<h2 style="margin-top:20px;font-size: 30px;">Moved Permanently
</h2>
<p>The document has been permanently moved.</p>
</div></div></body></html>
traceroute to hofoco.org (199.188.206.67), 30 hops max, 60 byte packets
 1  * * *
 2  * * *
 3  * * *
 4  * * *
 5  * * *
 6  * * *
 7  * * *
 8  * * *
 9  * * *
10  * * *
11  * * *
12  * * *
13  * * *
14  * * *
15  * * *
16  * * *
17  * * *
18  * * *
19  * * *
20  * * *
21  * * *
22  * * *
23  * * *
24  * * *
25  * * *
26  * * *
27  * * *
28  * * *
29  * * *
30  * * *
<!DOCTYPE html><html><head><script>window.onload=function(){window.location.href="/lander"}</script></head></html>traceroute to thehollywoodtheater.com (15.197.148.33), 30 hops max, 60 byte packets
 1  * * *
 2  * * *
 3  * * *
 4  * * *
 5  * * *
 6  * * *
 7  * * *
 8  * * *
 9  * * *
10  * * *
11  * * *
12  * * *
13  * * *
14  * * *
15  * * *
16  * * *
17  * * *
18  * * *
19  * * *
20  * * *
21  * * *
22  * * *
23  * * *
24  * * *
25  * * *
26  * * *
27  * * *
28  * * *
29  * * *
30  * * *
;; communications error to 8.8.8.8#53: timed out
;; communications error to 8.8.8.8#53: timed out
;; communications error to 8.8.4.4#53: timed out
;; no servers could be reached
traceroute to google.com (142.250.72.174), 30 hops max, 60 byte packets
 1  * * *
 2  * * *
 3  * * *
 4  * * *
 5  * * *
 6  * * *
 7  * * *
 8  * * *
 9  * * *
10  * * *
11  * * *
12  * * *
13  * * *
14  * * *
15  * * *
16  * * *
17  * * *
18  * * *
19  * * *
20  * * *
21  * * *
22  * * *
23  * * *
24  * * *
25  * * *
26  * * *
27  * * *
28  * * *
29  * * *
30  * * *
;; communications error to 8.8.8.8#53: timed out
;; communications error to 8.8.8.8#53: timed out
;; communications error to 8.8.8.8#53: timed out
;; communications error to 8.8.4.4#53: timed out
;; no servers could be reached

Domain Name: nasa.gov
Registrar WHOIS Server: whois.nic.gov
Registrar URL: https://get.gov
Updated Date: 2024-09-30T14:00:09Z
Creation Date: 1997-10-02T01:29:26Z
Registry Expiry Date: 2025-08-30T18:16:33Z
Registrar: get.gov
Registrar IANA ID: 8888888
Registrar Abuse Contact Email:
Registrar Abuse Contact Phone:
Domain Status: serverTransferProhibited https://icann.org/epp#serverTransferProhibited
Registry Registrant ID: REDACTED FOR PRIVACY
Registrant Name: REDACTED FOR PRIVACY
Registrant Organization: REDACTED FOR PRIVACY
Registrant Street: REDACTED FOR PRIVACY
Registrant Street: REDACTED FOR PRIVACY
Registrant City: REDACTED FOR PRIVACY
Registrant State/Province: REDACTED FOR PRIVACY
Registrant Postal Code: REDACTED FOR PRIVACY
Registrant Country: REDACTED FOR PRIVACY
Registrant Phone: REDACTED FOR PRIVACY
Registrant Email: REDACTED FOR PRIVACY
Registry Admin ID: REDACTED FOR PRIVACY
Admin Name: REDACTED FOR PRIVACY
Admin Organization: REDACTED FOR PRIVACY
Admin Street: REDACTED FOR PRIVACY
Admin Street: REDACTED FOR PRIVACY
Admin City: REDACTED FOR PRIVACY
Admin State/Province: REDACTED FOR PRIVACY
Admin Postal Code: REDACTED FOR PRIVACY
Admin Country: REDACTED FOR PRIVACY
Admin Phone: REDACTED FOR PRIVACY
Admin Email: REDACTED FOR PRIVACY
Registry Tech ID: REDACTED FOR PRIVACY
Tech Name: REDACTED FOR PRIVACY
Tech Organization: REDACTED FOR PRIVACY
Tech Street: REDACTED FOR PRIVACY
Tech City: REDACTED FOR PRIVACY
Tech State/Province: REDACTED FOR PRIVACY
Tech Postal Code: REDACTED FOR PRIVACY
Tech Country: REDACTED FOR PRIVACY
Tech Phone: REDACTED FOR PRIVACY
Tech Fax: REDACTED FOR PRIVACY
Tech Email: REDACTED FOR PRIVACY
Registry Security ID: REDACTED FOR PRIVACY
Security Name: REDACTED FOR PRIVACY
Security Organization: REDACTED FOR PRIVACY
Security Street: REDACTED FOR PRIVACY
Security City: REDACTED FOR PRIVACY
Security State/Province: REDACTED FOR PRIVACY
Security Postal Code: REDACTED FOR PRIVACY
Security Country: REDACTED FOR PRIVACY
Security Phone: REDACTED FOR PRIVACY
Security Email: soc@nasa.gov
Name Server: a1-32.akam.net
Name Server: a12-64.akam.net
Name Server: a14-67.akam.net
Name Server: a5-66.akam.net
Name Server: a8-66.akam.net
Name Server: a9-64.akam.net
DNSSEC: signedDelegation
>>> Last update of WHOIS database: 2025-07-17T14:51:58Z <<<

For more information on Whois status codes, please visit https://icann.org/epp

WHOIS information is provided by the registry solely for query-based,
informational purposes. Any information provided is "as is" without any
guarantee of accuracy. You may not use such information to (a) allow,
enable, or otherwise support the transmission of mass unsolicited,
commercial advertising or solicitations; (b) enable high volume, automated,
electronic processes that access the registry's systems or any
ICANN-Accredited Registrar, except as reasonably necessary to register
domain names or modify existing registrations; or (c) engage in or support
unlawful behavior. We reserve the right to restrict or deny your access to
the WHOIS database, and may modify these terms at any time.
<html>
<head><title>301 Moved Permanently</title></head>
<body>
<center><h1>301 Moved Permanently</h1></center>
<hr><center>nginx</center>
</body>
</html>
PING whitehouse.gov (192.0.66.192) 56(84) bytes of data.
64 bytes from 192.0.66.192: icmp_seq=1 ttl=55 time=296 ms

--- whitehouse.gov ping statistics ---
2 packets transmitted, 1 received, 50% packet loss, time 1000ms
rtt min/avg/max/mdev = 296.927/296.927/296.927/0.000 ms
traceroute to whitehouse.gov (192.0.66.192), 30 hops max, 60 byte packets
 1  * * *
 2  * * *
 3  * * *
 4  * * *
 5  * * *
 6  * * *
 7  * * *
 8  * * *
 9  * * *
10  * * *
11  * * *
12  * * *
13  * * *
14  * * *
15  * * *
16  * * *
17  * * *
18  * * *
19  * * *
20  * * *
21  * * *
22  * * *
23  * * *
24  * * *
25  * * *
26  * * *
27  * * *
28  * * *
29  * * *
30  * * *
;; communications error to 8.8.8.8#53: timed out
;; communications error to 8.8.8.8#53: timed out
;; communications error to 8.8.8.8#53: timed out
;; communications error to 8.8.4.4#53: timed out

; <<>> DiG 9.20.10 <<>> whitehouse.gov NS
;; global options: +cmd
;; no servers could be reached
;; communications error to 8.8.8.8#53: timed out
;; communications error to 8.8.8.8#53: timed out
;; communications error to 8.8.8.8#53: timed out
;; communications error to 8.8.4.4#53: timed out

; <<>> DiG 9.20.10 <<>> -x whitehouse.gov
;; global options: +cmd
;; no servers could be reached
;; UDP setup with 8.8.8.8#53(8.8.8.8) for gov.lacity.in-addr.arpa. failed: network unreachable.
;; no servers could be reached
;; UDP setup with 8.8.8.8#53(8.8.8.8) for gov.lacity.in-addr.arpa. failed: network unreachable.
;; no servers could be reached
;; UDP setup with 8.8.8.8#53(8.8.8.8) for gov.lacity.in-addr.arpa. failed: network unreachable.
;; UDP setup with 8.8.4.4#53(8.8.4.4) for gov.lacity.in-addr.arpa. failed: network unreachable.
;; no servers could be reached
;; UDP setup with 8.8.8.8#53(8.8.8.8) for gov.nasa.jpl.in-addr.arpa. failed: network unreachable.
;; no servers could be reached
;; UDP setup with 8.8.8.8#53(8.8.8.8) for gov.nasa.jpl.in-addr.arpa. failed: network unreachable.
;; no servers could be reached
;; UDP setup with 8.8.8.8#53(8.8.8.8) for gov.nasa.jpl.in-addr.arpa. failed: network unreachable.
;; UDP setup with 8.8.4.4#53(8.8.4.4) for gov.nasa.jpl.in-addr.arpa. failed: network unreachable.
;; no servers could be reached
;; UDP setup with 8.8.8.8#53(8.8.8.8) for net.metro.in-addr.arpa. failed: network unreachable.
;; no servers could be reached
;; UDP setup with 8.8.8.8#53(8.8.8.8) for net.metro.in-addr.arpa. failed: network unreachable.
;; no servers could be reached
;; UDP setup with 8.8.8.8#53(8.8.8.8) for net.metro.in-addr.arpa. failed: network unreachable.
;; UDP setup with 8.8.4.4#53(8.8.4.4) for net.metro.in-addr.arpa. failed: network unreachable.
;; no servers could be reached
;; UDP setup with 8.8.8.8#53(8.8.8.8) for metro.net failed: network unreachable.
;; no servers could be reached
;; UDP setup with 8.8.8.8#53(8.8.8.8) for metro.net failed: network unreachable.
;; no servers could be reached
;; UDP setup with 8.8.8.8#53(8.8.8.8) for metro.net failed: network unreachable.
;; UDP setup with 8.8.4.4#53(8.8.4.4) for metro.net failed: network unreachable.
;; no servers could be reached
can we talkto @nasa?
;; UDP setup with 8.8.8.8#53(8.8.8.8) for noaa.gov failed: network unreachable.
;; no servers could be reached
;; UDP setup with 8.8.8.8#53(8.8.8.8) for noaa.gov failed: network unreachable.
;; no servers could be reached
;; UDP setup with 8.8.8.8#53(8.8.8.8) for noaa.gov failed: network unreachable.
;; UDP setup with 8.8.4.4#53(8.8.4.4) for noaa.gov failed: network unreachable.
;; no servers could be reached

;; Connection to 8.8.8.8#53(8.8.8.8) for noaa.gov failed: network unreachable.
;; no servers could be reached
;; Connection to 8.8.8.8#53(8.8.8.8) for noaa.gov failed: network unreachable.
;; no servers could be reached
;; Connection to 8.8.8.8#53(8.8.8.8) for noaa.gov failed: network unreachable.
;; Connection to 8.8.4.4#53(8.8.4.4) for noaa.gov failed: network unreachable.
;; no servers could be reached
traceroute to 155.190.2.33 (155.190.2.33), 30 hops max, 60 byte packetstraceroute to 205.155.237.66 (205.155.237.66), 30 hops max, 60 byte packetstraceroute to cnn.com (151.101.195.5), 30 hops max, 60 byte packets
 1  172.25.0.1 (172.25.0.1)  3.071 ms  4.556 ms  4.878 ms
 2  * * *
 3  * * *
 4  * * *
 5  * * *
 6  * * *
 7  * * *
 8  * * *
 9  * * *
10  * * *
11  * * *
12  * * *
13  * * *
14  * * *
15  * * *
16  * * *
17  * * *
18  * * *
19  * * *
20  * * *
21  * * *
22  * * *
23  * * *
24  * * *
25  * * *
26  * * *
27  * * *
28  * * *
29  * * *
30  * * *
traceroute to pornhub.com (66.254.114.41), 30 hops max, 60 byte packets
 1  172.25.0.1 (172.25.0.1)  1.852 ms  5.751 ms  4.790 ms
 2  * * *
 3  * * *
 4  * * *
 5  * * *
 6  * * *
 7  * * *
 8  * * *
 9  * * *
10  * * *
11  * * *
12  * * *
13  * * *
14  * * *
15  * * *
16  * * *
17  * * *
18  * * *
19  * * *
20  * * *
21  * * *
22  * * *
23  * * *
24  * * *
25  * * *
26  * * *
27  * * *
28  * * *
29  * * *
30  * * *
traceroute to youtube.com (142.250.72.238), 30 hops max, 60 byte packets
 1  172.25.0.1 (172.25.0.1)  2307.941 ms  2305.461 ms  2301.489 ms
 2  * * *
 3  * * *
 4  * * *
 5  * * *
 6  * * *
 7  * * *
 8  * * *
 9  * * *
10  * * *
11  * * *
12  * * *
13  * * *
14  * * *
15  * * *
16  * * *
17  * * *
18  * * *
19  * * *
20  * * *
21  * * *
22  * * *
23  * * *
24  * * *
25  * * *
26  * * *
27  * * *
28  * * *
29  * * *
30  * * *
traceroute to wikipedia.org (198.35.26.96), 30 hops max, 60 byte packets
 1  172.25.0.1 (172.25.0.1)  2036.411 ms  2035.711 ms  2035.098 ms
 2  * * *
 3  * * *
 4  * * *
 5  * * *
 6  * * *
 7  * * *
 8  * * *
 9  * * *
10  * * *
11  * * *
12  * * *
13  * * *
14  * * *
15  * * *
16  * * *
17  * * *
18  * * *
19  * * *
20  * * *
21  * * *
22  * * *
23  * * *
24  * * *
25  * * *
26  * * *
27  * * *
28  * * *
29  * * *
30  * * *
traceroute to cia.gov (23.6.186.214), 30 hops max, 60 byte packets
 1  172.25.0.1 (172.25.0.1)  99.557 ms  95.728 ms  88.589 ms
 2  * * *
 3  * * *
 4  * * *
 5  * * *
 6  * * *
 7  * * *
 8  * * *
 9  * * *
10  * * *
11  * * *
12  * * *
13  * * *
14  * * *
15  * * *
16  * * *
17  * * *
18  * * *
19  * * *
20  * * *
21  * * *
22  * * *
23  * * *
24  * * *
25  * * *
26  * * *
27  * * *
28  * * *
29  * * *
30  * * *
traceroute to playboy.com (162.159.140.211), 30 hops max, 60 byte packets
 1  172.25.0.1 (172.25.0.1)  2026.759 ms  2025.540 ms *
 2  * * *
 3  * * *
 4  * * *
 5  * * *
 6  * * *
 7  * * *
 8  * * *
 9  * * *
10  * * *
11  * * *
12  * * *
13  * * *
14  * * *
15  * * *
16  * * *
17  * * *
18  * * *
19  * * *
20  * * *
21  * * *
22  * * *
23  * * *
24  * * *
25  * * *
26  * * *
27  * * *
28  * * *
29  * * *
30  * * *
traceroute to ice.gov (69.192.45.168), 30 hops max, 60 byte packets
 1  172.25.0.1 (172.25.0.1)  711.570 ms  709.601 ms  708.233 ms
 2  * * *
 3  * * *
 4  * * *
 5  * * *
 6  * * *
 7  * * *
 8  * * *
 9  * * *
10  * * *
11  * * *
12  * * *
13  * * *
14  * * *
15  * * *
16  * * *
17  * * *
18  * * *
19  * * *
20  * * *
21  * * *
22  * * *
23  * * *
24  * * *
25  * * *
26  * * *
27  * * *
28  * * *
29  * * *
30  * * *
PING ice.gov (69.192.45.168) 56(84) bytes of data.
64 bytes from a69-192-45-168.deploy.static.akamaitechnologies.com (69.192.45.168): icmp_seq=1 ttl=54 time=35.3 ms
64 bytes from a69-192-45-168.deploy.static.akamaitechnologies.com (69.192.45.168): icmp_seq=2 ttl=54 time=69.1 ms

--- ice.gov ping statistics ---
2 packets transmitted, 2 received, 0% packet loss, time 1000ms
rtt min/avg/max/mdev = 35.349/52.248/69.147/16.899 ms
traceroute to 216.81.59.173 (216.81.59.173), 30 hops max, 60 byte packets
 1  172.25.0.1 (172.25.0.1)  180.015 ms  178.755 ms  177.498 ms
 2  * * *
 3  * * *
 4  * * *
 5  * * *
 6  * * *
 7  * * *
 8  * * *
 9  * * *
10  * * *
11  * * *
12  * * *
13  * * *
14  * * *
15  * * *
16  * * *
17  * * *
18  * * *
19  * * *
20  * * *
21  * * *
22  * * *
23  * * *
24  * * *
25  * * *
26  * * *
27  * * *
28  * * *
29  * * *
30  * * *

; <<>> DiG 9.20.10 <<>> -x ice.gov
;; global options: +cmd
;; Got answer:
;; ->>HEADER<<- opcode: QUERY, status: NXDOMAIN, id: 2653
;; flags: qr rd ra ad; QUERY: 1, ANSWER: 0, AUTHORITY: 1, ADDITIONAL: 1

;; OPT PSEUDOSECTION:
; EDNS: version: 0, flags:; udp: 512
;; QUESTION SECTION:
;gov.ice.in-addr.arpa.		IN	PTR

;; AUTHORITY SECTION:
in-addr.arpa.		2397	IN	SOA	b.in-addr-servers.arpa. nstld.iana.org. 2025070432 1800 900 604800 3600

;; Query time: 200 msec
;; SERVER: 8.8.8.8#53(8.8.8.8) (UDP)
;; WHEN: Thu Jul 17 07:57:31 PDT 2025
;; MSG SIZE  rcvd: 117

